Using pre-set license
Built from '2021.3/staging' branch; Version is '2021.3.20f1 (577897200b8b) revision 5732503'; Using compiler version '192829333'; Build Type 'Release'
OS: 'Windows 10  (10.0.19045) 64bit Core' Language: 'fr' Physical Memory: 16161 MB
BatchMode: 1, IsHumanControllingUs: 0, StartBugReporterOnCrash: 0, Is64bit: 1, IsPro: 1

COMMAND LINE ARGUMENTS:
C:\Program Files\Unity\Hub\Editor\2021.3.20f1\Editor\Unity.exe
-adb2
-batchMode
-noUpm
-name
AssetImportWorker13
-projectPath
C:/Users/ferra/Master local/PA/GlasCoSS
-logFile
Logs/AssetImportWorker13.log
-srvPort
22416
Successfully changed project path to: C:/Users/ferra/Master local/PA/GlasCoSS
C:/Users/ferra/Master local/PA/GlasCoSS
[UnityMemory] Configuration Parameters - Can be set up in boot.config
    "memorysetup-bucket-allocator-granularity=16"
    "memorysetup-bucket-allocator-bucket-count=8"
    "memorysetup-bucket-allocator-block-size=33554432"
    "memorysetup-bucket-allocator-block-count=8"
    "memorysetup-main-allocator-block-size=16777216"
    "memorysetup-thread-allocator-block-size=16777216"
    "memorysetup-gfx-main-allocator-block-size=16777216"
    "memorysetup-gfx-thread-allocator-block-size=16777216"
    "memorysetup-cache-allocator-block-size=4194304"
    "memorysetup-typetree-allocator-block-size=2097152"
    "memorysetup-profiler-bucket-allocator-granularity=16"
    "memorysetup-profiler-bucket-allocator-bucket-count=8"
    "memorysetup-profiler-bucket-allocator-block-size=33554432"
    "memorysetup-profiler-bucket-allocator-block-count=8"
    "memorysetup-profiler-allocator-block-size=16777216"
    "memorysetup-profiler-editor-allocator-block-size=1048576"
    "memorysetup-temp-allocator-size-main=16777216"
    "memorysetup-job-temp-allocator-block-size=2097152"
    "memorysetup-job-temp-allocator-block-size-background=1048576"
    "memorysetup-job-temp-allocator-reduction-small-platforms=262144"
    "memorysetup-temp-allocator-size-background-worker=32768"
    "memorysetup-temp-allocator-size-job-worker=262144"
    "memorysetup-temp-allocator-size-preload-manager=33554432"
    "memorysetup-temp-allocator-size-nav-mesh-worker=65536"
    "memorysetup-temp-allocator-size-audio-worker=65536"
    "memorysetup-temp-allocator-size-cloud-worker=32768"
    "memorysetup-temp-allocator-size-gi-baking-worker=262144"
    "memorysetup-temp-allocator-size-gfx=262144"
Player connection [1336] Host "[IP] 169.254.153.27 [Port] 0 [Flags] 2 [Guid] 509909914 [EditorId] 509909914 [Version] 1048832 [Id] WindowsEditor(7,DESKTOP-GG10BPO) [Debug] 1 [PackageName] WindowsEditor [ProjectName] Editor" joined multi-casting on [225.0.0.222:54997]...

Player connection [1336] Host "[IP] 169.254.153.27 [Port] 0 [Flags] 2 [Guid] 509909914 [EditorId] 509909914 [Version] 1048832 [Id] WindowsEditor(7,DESKTOP-GG10BPO) [Debug] 1 [PackageName] WindowsEditor [ProjectName] Editor" joined alternative multi-casting on [225.0.0.222:34997]...

Refreshing native plugins compatible for Editor in 636.70 ms, found 9 plugins.
Preloading 0 native plugins for Editor in 0.00 ms.
Initialize engine version: 2021.3.20f1 (577897200b8b)
[Subsystems] Discovering subsystems at path C:/Program Files/Unity/Hub/Editor/2021.3.20f1/Editor/Data/Resources/UnitySubsystems
[Subsystems] Discovering subsystems at path C:/Users/ferra/Master local/PA/GlasCoSS/Assets
GfxDevice: creating device client; threaded=0; jobified=0
Direct3D:
    Version:  Direct3D 11.0 [level 11.1]
    Renderer: NVIDIA GeForce GTX 1050 with Max-Q Design (ID=0x1c92)
    Vendor:   NVIDIA
    VRAM:     4021 MB
    Driver:   30.0.15.1179
Initialize mono
Mono path[0] = 'C:/Program Files/Unity/Hub/Editor/2021.3.20f1/Editor/Data/Managed'
Mono path[1] = 'C:/Program Files/Unity/Hub/Editor/2021.3.20f1/Editor/Data/MonoBleedingEdge/lib/mono/unityjit-win32'
Mono config path = 'C:/Program Files/Unity/Hub/Editor/2021.3.20f1/Editor/Data/MonoBleedingEdge/etc'
Using monoOptions --debugger-agent=transport=dt_socket,embedding=1,server=y,suspend=n,address=127.0.0.1:56180
Begin MonoManager ReloadAssembly
Registering precompiled unity dll's ...
Register platform support module: C:/Program Files/Unity/Hub/Editor/2021.3.20f1/Editor/Data/PlaybackEngines/AndroidPlayer/UnityEditor.Android.Extensions.dll
Register platform support module: C:/Program Files/Unity/Hub/Editor/2021.3.20f1/Editor/Data/PlaybackEngines/WindowsStandaloneSupport/UnityEditor.WindowsStandalone.Extensions.dll
Registered in 0.033882 seconds.
Native extension for WindowsStandalone target not found
Native extension for Android target not found
Android Extension - Scanning For ADB Devices 496 ms
Refreshing native plugins compatible for Editor in 459.94 ms, found 9 plugins.
Preloading 0 native plugins for Editor in 0.00 ms.
Mono: successfully reloaded assembly
- Completed reload, in  3.135 seconds
Domain Reload Profiling:
	ReloadAssembly (3137ms)
		BeginReloadAssembly (299ms)
			ExecutionOrderSort (0ms)
			DisableScriptedObjects (0ms)
			BackupInstance (0ms)
			ReleaseScriptingObjects (0ms)
			CreateAndSetChildDomain (2ms)
		EndReloadAssembly (2446ms)
			LoadAssemblies (291ms)
			RebuildTransferFunctionScriptingTraits (0ms)
			SetupTypeCache (423ms)
			ReleaseScriptCaches (0ms)
			RebuildScriptCaches (97ms)
			SetupLoadedEditorAssemblies (1726ms)
				LogAssemblyErrors (0ms)
				InitializePlatformSupportModulesInManaged (770ms)
				SetLoadedEditorAssemblies (1ms)
				RefreshPlugins (460ms)
				BeforeProcessingInitializeOnLoad (5ms)
				ProcessInitializeOnLoadAttributes (339ms)
				ProcessInitializeOnLoadMethodAttributes (151ms)
				AfterProcessingInitializeOnLoad (0ms)
				EditorAssembliesLoaded (0ms)
			ExecutionOrderSort2 (0ms)
			AwakeInstancesAfterBackupRestoration (0ms)
Platform modules already initialized, skipping
Registering precompiled user dll's ...
Registered in 0.034966 seconds.
Begin MonoManager ReloadAssembly
Symbol file LoadedFromMemory doesn't match image C:\Users\ferra\Master local\PA\GlasCoSS\Library\PackageCache\com.unity.visualscripting@1.8.0\Editor\VisualScripting.Core\Dependencies\DotNetZip\Unity.VisualScripting.IonicZip.dll
Symbol file LoadedFromMemory doesn't match image C:\Users\ferra\Master local\PA\GlasCoSS\Library\PackageCache\com.unity.visualscripting@1.8.0\Editor\VisualScripting.Core\Dependencies\YamlDotNet\Unity.VisualScripting.YamlDotNet.dll
Native extension for WindowsStandalone target not found
Native extension for Android target not found
Refreshing native plugins compatible for Editor in 437.62 ms, found 9 plugins.
Preloading 0 native plugins for Editor in 0.00 ms.
Package Manager log level set to [2]
Mono: successfully reloaded assembly
- Completed reload, in  6.358 seconds
Domain Reload Profiling:
	ReloadAssembly (6361ms)
		BeginReloadAssembly (530ms)
			ExecutionOrderSort (0ms)
			DisableScriptedObjects (36ms)
			BackupInstance (0ms)
			ReleaseScriptingObjects (1ms)
			CreateAndSetChildDomain (65ms)
		EndReloadAssembly (5194ms)
			LoadAssemblies (431ms)
			RebuildTransferFunctionScriptingTraits (0ms)
			SetupTypeCache (1256ms)
			ReleaseScriptCaches (3ms)
			RebuildScriptCaches (301ms)
			SetupLoadedEditorAssemblies (3006ms)
				LogAssemblyErrors (0ms)
				InitializePlatformSupportModulesInManaged (70ms)
				SetLoadedEditorAssemblies (1ms)
				RefreshPlugins (438ms)
				BeforeProcessingInitializeOnLoad (454ms)
				ProcessInitializeOnLoadAttributes (1745ms)
				ProcessInitializeOnLoadMethodAttributes (260ms)
				AfterProcessingInitializeOnLoad (37ms)
				EditorAssembliesLoaded (1ms)
			ExecutionOrderSort2 (0ms)
			AwakeInstancesAfterBackupRestoration (22ms)
Platform modules already initialized, skipping
========================================================================
Worker process is ready to serve import requests
Launched and connected shader compiler UnityShaderCompiler.exe after 0.22 seconds
Refreshing native plugins compatible for Editor in 2.76 ms, found 9 plugins.
Preloading 0 native plugins for Editor in 0.00 ms.
Unloading 5757 Unused Serialized files (Serialized files now loaded: 0)
Unloading 59 unused Assets / (0.6 MB). Loaded Objects now: 6198.
Memory consumption went from 231.1 MB to 230.5 MB.
Total: 9.602800 ms (FindLiveObjects: 1.188900 ms CreateObjectMapping: 0.889700 ms MarkObjects: 7.139200 ms  DeleteObjects: 0.381700 ms)

AssetImportParameters requested are different than current active one (requested -> active):
  custom:video-decoder-ogg-theora: a1e56fd34408186e4bbccfd4996cb3dc -> 
  custom:container-muxer-webm: aa71ff27fc2769a1b78a27578f13a17b -> 
  custom:container-demuxer-webm: 4f35f7cbe854078d1ac9338744f61a02 -> 
  custom:video-encoder-webm-vp8: eb34c28f22e8b96e1ab97ce403110664 -> 
  custom:audio-encoder-webm-vorbis: bf7c407c2cedff20999df2af8eb42d56 -> 
  custom:framework-win-MediaFoundation: 216162199b28c13a410421893ffa2e32 -> 
  custom:container-demuxer-ogg: 62fdf1f143b41e24485cea50d1cbac27 -> 
  custom:video-decoder-webm-vp8: 9c59270c3fd7afecdb556c50c9e8de78 -> 
  custom:audio-decoder-ogg-vorbis: bf7c407c2cedff20999df2af8eb42d56 -> 
========================================================================
Received Import Request.
  Time since last request: 2672265.431359 seconds.
  path: Assets/Scenes/HospitalRoom.unity
  artifactKey: Guid(924d524c5ea8ca94597462d8d1039f1c) Importer(815301076,1909f56bfc062723c751e8b465ee728b)
Start importing Assets/Scenes/HospitalRoom.unity using Guid(924d524c5ea8ca94597462d8d1039f1c) Importer(815301076,1909f56bfc062723c751e8b465ee728b)  -> (artifact id: '5ae18e3db298a5f7f4d51bb8db74274b') in 0.026440 seconds 
========================================================================
Received Prepare
Registering precompiled user dll's ...
Registered in 0.021633 seconds.
Begin MonoManager ReloadAssembly
Symbol file LoadedFromMemory doesn't match image C:\Users\ferra\Master local\PA\GlasCoSS\Library\PackageCache\com.unity.visualscripting@1.8.0\Editor\VisualScripting.Core\Dependencies\DotNetZip\Unity.VisualScripting.IonicZip.dll
Symbol file LoadedFromMemory doesn't match image C:\Users\ferra\Master local\PA\GlasCoSS\Library\PackageCache\com.unity.visualscripting@1.8.0\Editor\VisualScripting.Core\Dependencies\YamlDotNet\Unity.VisualScripting.YamlDotNet.dll
Native extension for WindowsStandalone target not found
Native extension for Android target not found
Refreshing native plugins compatible for Editor in 3.06 ms, found 9 plugins.
Preloading 0 native plugins for Editor in 0.00 ms.
Mono: successfully reloaded assembly
- Completed reload, in  4.107 seconds
Domain Reload Profiling:
	ReloadAssembly (4108ms)
		BeginReloadAssembly (292ms)
			ExecutionOrderSort (0ms)
			DisableScriptedObjects (9ms)
			BackupInstance (0ms)
			ReleaseScriptingObjects (0ms)
			CreateAndSetChildDomain (86ms)
		EndReloadAssembly (3565ms)
			LoadAssemblies (232ms)
			RebuildTransferFunctionScriptingTraits (0ms)
			SetupTypeCache (1203ms)
			ReleaseScriptCaches (5ms)
			RebuildScriptCaches (161ms)
			SetupLoadedEditorAssemblies (1769ms)
				LogAssemblyErrors (0ms)
				InitializePlatformSupportModulesInManaged (61ms)
				SetLoadedEditorAssemblies (2ms)
				RefreshPlugins (3ms)
				BeforeProcessingInitializeOnLoad (319ms)
				ProcessInitializeOnLoadAttributes (1108ms)
				ProcessInitializeOnLoadMethodAttributes (253ms)
				AfterProcessingInitializeOnLoad (22ms)
				EditorAssembliesLoaded (0ms)
			ExecutionOrderSort2 (0ms)
			AwakeInstancesAfterBackupRestoration (28ms)
Platform modules already initialized, skipping
Refreshing native plugins compatible for Editor in 14.83 ms, found 9 plugins.
Preloading 0 native plugins for Editor in 0.00 ms.
Unloading 5604 Unused Serialized files (Serialized files now loaded: 0)
Unloading 49 unused Assets / (0.6 MB). Loaded Objects now: 6202.
Memory consumption went from 238.5 MB to 238.0 MB.
Total: 8.116800 ms (FindLiveObjects: 0.729800 ms CreateObjectMapping: 0.844400 ms MarkObjects: 6.373800 ms  DeleteObjects: 0.167000 ms)

AssetImportParameters requested are different than current active one (requested -> active):
  custom:video-decoder-ogg-theora: a1e56fd34408186e4bbccfd4996cb3dc -> 
  custom:container-muxer-webm: aa71ff27fc2769a1b78a27578f13a17b -> 
  custom:container-demuxer-webm: 4f35f7cbe854078d1ac9338744f61a02 -> 
  custom:video-encoder-webm-vp8: eb34c28f22e8b96e1ab97ce403110664 -> 
  custom:audio-encoder-webm-vorbis: bf7c407c2cedff20999df2af8eb42d56 -> 
  custom:framework-win-MediaFoundation: 216162199b28c13a410421893ffa2e32 -> 
  custom:container-demuxer-ogg: 62fdf1f143b41e24485cea50d1cbac27 -> 
  custom:video-decoder-webm-vp8: 9c59270c3fd7afecdb556c50c9e8de78 -> 
  custom:audio-decoder-ogg-vorbis: bf7c407c2cedff20999df2af8eb42d56 -> 
========================================================================
Received Prepare
Registering precompiled user dll's ...
Registered in 0.020082 seconds.
Begin MonoManager ReloadAssembly
Symbol file LoadedFromMemory doesn't match image C:\Users\ferra\Master local\PA\GlasCoSS\Library\PackageCache\com.unity.visualscripting@1.8.0\Editor\VisualScripting.Core\Dependencies\DotNetZip\Unity.VisualScripting.IonicZip.dll
Symbol file LoadedFromMemory doesn't match image C:\Users\ferra\Master local\PA\GlasCoSS\Library\PackageCache\com.unity.visualscripting@1.8.0\Editor\VisualScripting.Core\Dependencies\YamlDotNet\Unity.VisualScripting.YamlDotNet.dll
Native extension for WindowsStandalone target not found
Native extension for Android target not found
Refreshing native plugins compatible for Editor in 4.40 ms, found 9 plugins.
Preloading 0 native plugins for Editor in 0.00 ms.
Mono: successfully reloaded assembly
- Completed reload, in  4.815 seconds
Domain Reload Profiling:
	ReloadAssembly (4816ms)
		BeginReloadAssembly (283ms)
			ExecutionOrderSort (0ms)
			DisableScriptedObjects (12ms)
			BackupInstance (0ms)
			ReleaseScriptingObjects (0ms)
			CreateAndSetChildDomain (76ms)
		EndReloadAssembly (4266ms)
			LoadAssemblies (198ms)
			RebuildTransferFunctionScriptingTraits (0ms)
			SetupTypeCache (1198ms)
			ReleaseScriptCaches (6ms)
			RebuildScriptCaches (202ms)
			SetupLoadedEditorAssemblies (2298ms)
				LogAssemblyErrors (0ms)
				InitializePlatformSupportModulesInManaged (68ms)
				SetLoadedEditorAssemblies (2ms)
				RefreshPlugins (5ms)
				BeforeProcessingInitializeOnLoad (348ms)
				ProcessInitializeOnLoadAttributes (1654ms)
				ProcessInitializeOnLoadMethodAttributes (197ms)
				AfterProcessingInitializeOnLoad (24ms)
				EditorAssembliesLoaded (1ms)
			ExecutionOrderSort2 (0ms)
			AwakeInstancesAfterBackupRestoration (26ms)
Platform modules already initialized, skipping
Refreshing native plugins compatible for Editor in 17.31 ms, found 9 plugins.
Preloading 0 native plugins for Editor in 0.00 ms.
Unloading 5604 Unused Serialized files (Serialized files now loaded: 0)
Unloading 49 unused Assets / (0.6 MB). Loaded Objects now: 6206.
Memory consumption went from 238.3 MB to 237.7 MB.
Total: 7.646700 ms (FindLiveObjects: 0.769100 ms CreateObjectMapping: 0.708000 ms MarkObjects: 5.959400 ms  DeleteObjects: 0.208600 ms)

AssetImportParameters requested are different than current active one (requested -> active):
  custom:video-decoder-ogg-theora: a1e56fd34408186e4bbccfd4996cb3dc -> 
  custom:container-muxer-webm: aa71ff27fc2769a1b78a27578f13a17b -> 
  custom:container-demuxer-webm: 4f35f7cbe854078d1ac9338744f61a02 -> 
  custom:video-encoder-webm-vp8: eb34c28f22e8b96e1ab97ce403110664 -> 
  custom:audio-encoder-webm-vorbis: bf7c407c2cedff20999df2af8eb42d56 -> 
  custom:framework-win-MediaFoundation: 216162199b28c13a410421893ffa2e32 -> 
  custom:container-demuxer-ogg: 62fdf1f143b41e24485cea50d1cbac27 -> 
  custom:video-decoder-webm-vp8: 9c59270c3fd7afecdb556c50c9e8de78 -> 
  custom:audio-decoder-ogg-vorbis: bf7c407c2cedff20999df2af8eb42d56 -> 
========================================================================
Received Prepare
Registering precompiled user dll's ...
Registered in 0.021197 seconds.
Begin MonoManager ReloadAssembly
Symbol file LoadedFromMemory doesn't match image C:\Users\ferra\Master local\PA\GlasCoSS\Library\PackageCache\com.unity.visualscripting@1.8.0\Editor\VisualScripting.Core\Dependencies\DotNetZip\Unity.VisualScripting.IonicZip.dll
Symbol file LoadedFromMemory doesn't match image C:\Users\ferra\Master local\PA\GlasCoSS\Library\PackageCache\com.unity.visualscripting@1.8.0\Editor\VisualScripting.Core\Dependencies\YamlDotNet\Unity.VisualScripting.YamlDotNet.dll
Native extension for WindowsStandalone target not found
Native extension for Android target not found
Refreshing native plugins compatible for Editor in 3.23 ms, found 9 plugins.
Preloading 0 native plugins for Editor in 0.00 ms.
Mono: successfully reloaded assembly
- Completed reload, in  3.671 seconds
Domain Reload Profiling:
	ReloadAssembly (3673ms)
		BeginReloadAssembly (305ms)
			ExecutionOrderSort (0ms)
			DisableScriptedObjects (13ms)
			BackupInstance (0ms)
			ReleaseScriptingObjects (0ms)
			CreateAndSetChildDomain (77ms)
		EndReloadAssembly (3138ms)
			LoadAssemblies (235ms)
			RebuildTransferFunctionScriptingTraits (0ms)
			SetupTypeCache (799ms)
			ReleaseScriptCaches (4ms)
			RebuildScriptCaches (147ms)
			SetupLoadedEditorAssemblies (1748ms)
				LogAssemblyErrors (0ms)
				InitializePlatformSupportModulesInManaged (56ms)
				SetLoadedEditorAssemblies (1ms)
				RefreshPlugins (3ms)
				BeforeProcessingInitializeOnLoad (246ms)
				ProcessInitializeOnLoadAttributes (1216ms)
				ProcessInitializeOnLoadMethodAttributes (198ms)
				AfterProcessingInitializeOnLoad (26ms)
				EditorAssembliesLoaded (1ms)
			ExecutionOrderSort2 (0ms)
			AwakeInstancesAfterBackupRestoration (23ms)
Platform modules already initialized, skipping
Refreshing native plugins compatible for Editor in 17.74 ms, found 9 plugins.
Preloading 0 native plugins for Editor in 0.00 ms.
Unloading 5604 Unused Serialized files (Serialized files now loaded: 0)
Unloading 49 unused Assets / (0.6 MB). Loaded Objects now: 6210.
Memory consumption went from 238.3 MB to 237.7 MB.
Total: 10.024900 ms (FindLiveObjects: 1.337700 ms CreateObjectMapping: 0.919300 ms MarkObjects: 7.431100 ms  DeleteObjects: 0.333000 ms)

AssetImportParameters requested are different than current active one (requested -> active):
  custom:video-decoder-ogg-theora: a1e56fd34408186e4bbccfd4996cb3dc -> 
  custom:container-muxer-webm: aa71ff27fc2769a1b78a27578f13a17b -> 
  custom:container-demuxer-webm: 4f35f7cbe854078d1ac9338744f61a02 -> 
  custom:video-encoder-webm-vp8: eb34c28f22e8b96e1ab97ce403110664 -> 
  custom:audio-encoder-webm-vorbis: bf7c407c2cedff20999df2af8eb42d56 -> 
  custom:framework-win-MediaFoundation: 216162199b28c13a410421893ffa2e32 -> 
  custom:container-demuxer-ogg: 62fdf1f143b41e24485cea50d1cbac27 -> 
  custom:video-decoder-webm-vp8: 9c59270c3fd7afecdb556c50c9e8de78 -> 
  custom:audio-decoder-ogg-vorbis: bf7c407c2cedff20999df2af8eb42d56 -> 
========================================================================
Received Import Request.
  Time since last request: 3364.313763 seconds.
  path: Assets/Settings/UniversalRenderPipelineAsset.asset
  artifactKey: Guid(e1260c1148f6143b28bae5ace5e9c5d1) Importer(815301076,1909f56bfc062723c751e8b465ee728b)
Start importing Assets/Settings/UniversalRenderPipelineAsset.asset using Guid(e1260c1148f6143b28bae5ace5e9c5d1) Importer(815301076,1909f56bfc062723c751e8b465ee728b)  -> (artifact id: '8c3a62aa577185415faeb2433bbb9ecf') in 0.796464 seconds 
========================================================================
Received Import Request.
  Time since last request: 49.877192 seconds.
  path: Assets/Assets/_Course Library/Audio/FX/SFX_Bird_2.ogg
  artifactKey: Guid(5852b85f5b6c7456db15d397337533a3) Importer(815301076,1909f56bfc062723c751e8b465ee728b)
Start importing Assets/Assets/_Course Library/Audio/FX/SFX_Bird_2.ogg using Guid(5852b85f5b6c7456db15d397337533a3) Importer(815301076,1909f56bfc062723c751e8b465ee728b)  -> (artifact id: '618716b75d580a0d143232e0c318cc97') in 0.919122 seconds 
========================================================================
Received Import Request.
  Time since last request: 0.000151 seconds.
  path: Assets/Assets/_Course Library/Audio/FX/SFX_UI_Click_4.ogg
  artifactKey: Guid(d306fcf87f5874a5888091cab90ba4a5) Importer(815301076,1909f56bfc062723c751e8b465ee728b)
Start importing Assets/Assets/_Course Library/Audio/FX/SFX_UI_Click_4.ogg using Guid(d306fcf87f5874a5888091cab90ba4a5) Importer(815301076,1909f56bfc062723c751e8b465ee728b)  -> (artifact id: '8fd5ad946d952935ad946dbbb3a27c5f') in 0.117871 seconds 
========================================================================
Received Import Request.
  Time since last request: 0.000282 seconds.
  path: Assets/Assets/_Course Library/Audio/FX/SFX_UI_Quick_4.ogg
  artifactKey: Guid(fbe0600515f4f482a9bb51aab560e9f7) Importer(815301076,1909f56bfc062723c751e8b465ee728b)
Start importing Assets/Assets/_Course Library/Audio/FX/SFX_UI_Quick_4.ogg using Guid(fbe0600515f4f482a9bb51aab560e9f7) Importer(815301076,1909f56bfc062723c751e8b465ee728b)  -> (artifact id: 'f4b7410b45a672103c691b0eb798961c') in 0.059268 seconds 
========================================================================
Received Import Request.
  Time since last request: 0.000077 seconds.
  path: Assets/Assets/_Course Library/Audio/FX/SFX_UI_Quick_3.ogg
  artifactKey: Guid(113942fcb94a14f7386264fc45956b13) Importer(815301076,1909f56bfc062723c751e8b465ee728b)
Start importing Assets/Assets/_Course Library/Audio/FX/SFX_UI_Quick_3.ogg using Guid(113942fcb94a14f7386264fc45956b13) Importer(815301076,1909f56bfc062723c751e8b465ee728b)  -> (artifact id: '636464f90fa72775ca42e64263366a97') in 0.057573 seconds 
========================================================================
Received Import Request.
  Time since last request: 0.000061 seconds.
  path: Assets/Assets/_Course Library/Audio/FX/SFX_Machine_Shoot_1.ogg
  artifactKey: Guid(be8221a34ec964baca77aa1158dd9a81) Importer(815301076,1909f56bfc062723c751e8b465ee728b)
Start importing Assets/Assets/_Course Library/Audio/FX/SFX_Machine_Shoot_1.ogg using Guid(be8221a34ec964baca77aa1158dd9a81) Importer(815301076,1909f56bfc062723c751e8b465ee728b)  -> (artifact id: '0a31e6820937c9d7998a92aa377ec08b') in 0.067996 seconds 
========================================================================
Received Import Request.
  Time since last request: 0.000073 seconds.
  path: Assets/Assets/_Course Library/Audio/FX/SFX_Liquid_Splash.ogg
  artifactKey: Guid(7bb57394759014e20b218cf8f8040440) Importer(815301076,1909f56bfc062723c751e8b465ee728b)
Start importing Assets/Assets/_Course Library/Audio/FX/SFX_Liquid_Splash.ogg using Guid(7bb57394759014e20b218cf8f8040440) Importer(815301076,1909f56bfc062723c751e8b465ee728b)  -> (artifact id: '340c77f1c4a43fe81a20d2208a992092') in 0.065118 seconds 
========================================================================
Received Import Request.
  Time since last request: 0.000091 seconds.
  path: Assets/Assets/_Course Library/Audio/FX/SFX_Impact_Metal.ogg
  artifactKey: Guid(fdb8a3585af1e45918bc4babd167b4eb) Importer(815301076,1909f56bfc062723c751e8b465ee728b)
Start importing Assets/Assets/_Course Library/Audio/FX/SFX_Impact_Metal.ogg using Guid(fdb8a3585af1e45918bc4babd167b4eb) Importer(815301076,1909f56bfc062723c751e8b465ee728b)  -> (artifact id: '55caac0eb3de2e3ed12a996417813c6e') in 0.057946 seconds 
========================================================================
Received Import Request.
  Time since last request: 0.000076 seconds.
  path: Assets/Assets/_Course Library/Audio/FX/SFX_Impact_Heavy.ogg
  artifactKey: Guid(47d525776691f4a039da24d17caa644c) Importer(815301076,1909f56bfc062723c751e8b465ee728b)
Start importing Assets/Assets/_Course Library/Audio/FX/SFX_Impact_Heavy.ogg using Guid(47d525776691f4a039da24d17caa644c) Importer(815301076,1909f56bfc062723c751e8b465ee728b)  -> (artifact id: '5fee40a135b479fbe5a2f1f454ea29d1') in 0.064225 seconds 
========================================================================
Received Import Request.
  Time since last request: 0.000074 seconds.
  path: Assets/Assets/_Course Library/Audio/FX/SFX_Loop_Wind.ogg
  artifactKey: Guid(ac26011162cb54a1e8e5281a89bd5282) Importer(815301076,1909f56bfc062723c751e8b465ee728b)
Start importing Assets/Assets/_Course Library/Audio/FX/SFX_Loop_Wind.ogg using Guid(ac26011162cb54a1e8e5281a89bd5282) Importer(815301076,1909f56bfc062723c751e8b465ee728b)  -> (artifact id: 'b7a001109128de4829c13a40617edc0b') in 0.064656 seconds 
========================================================================
Received Import Request.
  Time since last request: 0.000076 seconds.
  path: Assets/Assets/_Course Library/Audio/FX/SFX_UI_Click_5.ogg
  artifactKey: Guid(f0dff4da8e4204fe9b98afb911292ef2) Importer(815301076,1909f56bfc062723c751e8b465ee728b)
Start importing Assets/Assets/_Course Library/Audio/FX/SFX_UI_Click_5.ogg using Guid(f0dff4da8e4204fe9b98afb911292ef2) Importer(815301076,1909f56bfc062723c751e8b465ee728b)  -> (artifact id: '9f18f24a98998f610ff46a014065f995') in 0.065934 seconds 
========================================================================
Received Import Request.
  Time since last request: 0.000099 seconds.
  path: Assets/Assets/_Course Library/Audio/FX/SFX_Machine_Powerup.ogg
  artifactKey: Guid(4f5cb06e8f78048c7aeff58324ede3b2) Importer(815301076,1909f56bfc062723c751e8b465ee728b)
Start importing Assets/Assets/_Course Library/Audio/FX/SFX_Machine_Powerup.ogg using Guid(4f5cb06e8f78048c7aeff58324ede3b2) Importer(815301076,1909f56bfc062723c751e8b465ee728b)  -> (artifact id: 'da83551659137cee261a8a46b566cc80') in 0.061286 seconds 
========================================================================
Received Import Request.
  Time since last request: 0.000068 seconds.
  path: Assets/Assets/_Course Library/Audio/FX/SFX_Loop_Machine.ogg
  artifactKey: Guid(f3d02eed8de884b8f8e2df103802faf5) Importer(815301076,1909f56bfc062723c751e8b465ee728b)
Start importing Assets/Assets/_Course Library/Audio/FX/SFX_Loop_Machine.ogg using Guid(f3d02eed8de884b8f8e2df103802faf5) Importer(815301076,1909f56bfc062723c751e8b465ee728b)  -> (artifact id: 'aea7bc56d5385e744a42b6a6bd951a65') in 0.059810 seconds 
========================================================================
Received Import Request.
  Time since last request: 0.000063 seconds.
  path: Assets/Assets/_Course Library/Audio/FX/SFX_UI_SciFi_Forward.ogg
  artifactKey: Guid(8514acdb166b1499a9ee49941ff691f0) Importer(815301076,1909f56bfc062723c751e8b465ee728b)
Start importing Assets/Assets/_Course Library/Audio/FX/SFX_UI_SciFi_Forward.ogg using Guid(8514acdb166b1499a9ee49941ff691f0) Importer(815301076,1909f56bfc062723c751e8b465ee728b)  -> (artifact id: '760b0e80d8fbf8d81d985891eff069c1') in 0.059627 seconds 
========================================================================
Received Import Request.
  Time since last request: 0.000063 seconds.
  path: Assets/Assets/_Course Library/Audio/FX/SFX_Loop_Liquid_Pour.ogg
  artifactKey: Guid(2750d8f1e9746416a82993326371d29f) Importer(815301076,1909f56bfc062723c751e8b465ee728b)
Start importing Assets/Assets/_Course Library/Audio/FX/SFX_Loop_Liquid_Pour.ogg using Guid(2750d8f1e9746416a82993326371d29f) Importer(815301076,1909f56bfc062723c751e8b465ee728b)  -> (artifact id: '6680bdec857579d5af20f88f86bb2aaa') in 0.064382 seconds 
========================================================================
Received Import Request.
  Time since last request: 0.000090 seconds.
  path: Assets/Assets/_Course Library/Audio/FX/SFX_UI_Quick_2.ogg
  artifactKey: Guid(eb6747799fac14af58d8c4fc5410fc1e) Importer(815301076,1909f56bfc062723c751e8b465ee728b)
Start importing Assets/Assets/_Course Library/Audio/FX/SFX_UI_Quick_2.ogg using Guid(eb6747799fac14af58d8c4fc5410fc1e) Importer(815301076,1909f56bfc062723c751e8b465ee728b)  -> (artifact id: '427141e710653cae0bf6c5d78660a3cf') in 0.057320 seconds 
========================================================================
Received Import Request.
  Time since last request: 0.000044 seconds.
  path: Assets/Assets/_Course Library/Audio/FX/SFX_Impact_Log.ogg
  artifactKey: Guid(5fa2a1e03047f4f37a8f475c272636e7) Importer(815301076,1909f56bfc062723c751e8b465ee728b)
Start importing Assets/Assets/_Course Library/Audio/FX/SFX_Impact_Log.ogg using Guid(5fa2a1e03047f4f37a8f475c272636e7) Importer(815301076,1909f56bfc062723c751e8b465ee728b)  -> (artifact id: '6171ace0af1749bb35d8f85896192e2e') in 0.048766 seconds 
========================================================================
Received Import Request.
  Time since last request: 0.000065 seconds.
  path: Assets/Assets/_Course Library/Audio/FX/SFX_Loop_Buzz_2.ogg
  artifactKey: Guid(c0485129cacdd4a4c9822d92e2a9adc2) Importer(815301076,1909f56bfc062723c751e8b465ee728b)
Start importing Assets/Assets/_Course Library/Audio/FX/SFX_Loop_Buzz_2.ogg using Guid(c0485129cacdd4a4c9822d92e2a9adc2) Importer(815301076,1909f56bfc062723c751e8b465ee728b)  -> (artifact id: '5511584b526264d5408e2e056a035243') in 0.062210 seconds 
========================================================================
Received Import Request.
  Time since last request: 0.000071 seconds.
  path: Assets/Assets/_Course Library/Audio/FX/SFX_Game_Success.ogg
  artifactKey: Guid(ffa67130b8bb74c7f8bc2b3ce9149daf) Importer(815301076,1909f56bfc062723c751e8b465ee728b)
Start importing Assets/Assets/_Course Library/Audio/FX/SFX_Game_Success.ogg using Guid(ffa67130b8bb74c7f8bc2b3ce9149daf) Importer(815301076,1909f56bfc062723c751e8b465ee728b)  -> (artifact id: '560f97073821afac0ba1d029d57cb677') in 0.067538 seconds 
========================================================================
Received Import Request.
  Time since last request: 0.000102 seconds.
  path: Assets/Assets/_Course Library/Audio/FX/SFX_Loop_Buzz_1.ogg
  artifactKey: Guid(088ba1df0d9c04f62b913b155a14cd10) Importer(815301076,1909f56bfc062723c751e8b465ee728b)
Start importing Assets/Assets/_Course Library/Audio/FX/SFX_Loop_Buzz_1.ogg using Guid(088ba1df0d9c04f62b913b155a14cd10) Importer(815301076,1909f56bfc062723c751e8b465ee728b)  -> (artifact id: '4b427256b0f243f449a2439be527ef07') in 0.048230 seconds 
========================================================================
Received Import Request.
  Time since last request: 0.000056 seconds.
  path: Assets/Assets/_Course Library/Audio/Music
  artifactKey: Guid(0f1cfefe06dd64fe6aea8dc018b3bde5) Importer(815301076,1909f56bfc062723c751e8b465ee728b)
Start importing Assets/Assets/_Course Library/Audio/Music using Guid(0f1cfefe06dd64fe6aea8dc018b3bde5) Importer(815301076,1909f56bfc062723c751e8b465ee728b)  -> (artifact id: '6c6756f490e11d696601c7ec0da57698') in 0.017925 seconds 
========================================================================
Received Import Request.
  Time since last request: 0.000051 seconds.
  path: Assets/Assets/_Course Library/Audio/Music/Music_Classical_Beethoven_Moonlight-Sonata.ogg
  artifactKey: Guid(17e53586d00594414b8cb9c4bf7cfd7e) Importer(815301076,1909f56bfc062723c751e8b465ee728b)
Start importing Assets/Assets/_Course Library/Audio/Music/Music_Classical_Beethoven_Moonlight-Sonata.ogg using Guid(17e53586d00594414b8cb9c4bf7cfd7e) Importer(815301076,1909f56bfc062723c751e8b465ee728b)  -> (artifact id: 'aed9215a77fcab9d58bd221d74614f58') in 0.065790 seconds 
========================================================================
Received Import Request.
  Time since last request: 0.000065 seconds.
  path: Assets/Assets/_Course Library/Audio/Music/Music_Classical_Bach_Goldberg-Variations.ogg
  artifactKey: Guid(fe112c6648072400daed693075b62682) Importer(815301076,1909f56bfc062723c751e8b465ee728b)
Start importing Assets/Assets/_Course Library/Audio/Music/Music_Classical_Bach_Goldberg-Variations.ogg using Guid(fe112c6648072400daed693075b62682) Importer(815301076,1909f56bfc062723c751e8b465ee728b)  -> (artifact id: 'bbfe9bd0f97df484bd5b413838292985') in 0.051574 seconds 
========================================================================
Received Import Request.
  Time since last request: 0.000090 seconds.
  path: Assets/Assets/_Course Library/Audio/FX/SFX_Machine_Stamp.ogg
  artifactKey: Guid(f3c16f48623484a42b8624861a87ca11) Importer(815301076,1909f56bfc062723c751e8b465ee728b)
Start importing Assets/Assets/_Course Library/Audio/FX/SFX_Machine_Stamp.ogg using Guid(f3c16f48623484a42b8624861a87ca11) Importer(815301076,1909f56bfc062723c751e8b465ee728b)  -> (artifact id: '1b496a9d108adaa475916f4666c0e204') in 0.063857 seconds 
========================================================================
Received Import Request.
  Time since last request: 0.000150 seconds.
  path: Assets/Assets/_Course Library/Audio/FX/SFX_Loop_RadioTuning.ogg
  artifactKey: Guid(658a9d5e3f97b4f52b6bb3a615fd3b92) Importer(815301076,1909f56bfc062723c751e8b465ee728b)
Start importing Assets/Assets/_Course Library/Audio/FX/SFX_Loop_RadioTuning.ogg using Guid(658a9d5e3f97b4f52b6bb3a615fd3b92) Importer(815301076,1909f56bfc062723c751e8b465ee728b)  -> (artifact id: '622b47ce54aa1b7a77f8fdcdaf4d9e4f') in 0.055661 seconds 
========================================================================
Received Prepare
Registering precompiled user dll's ...
Registered in 0.023921 seconds.
Begin MonoManager ReloadAssembly
Symbol file LoadedFromMemory doesn't match image C:\Users\ferra\Master local\PA\GlasCoSS\Library\PackageCache\com.unity.visualscripting@1.8.0\Editor\VisualScripting.Core\Dependencies\DotNetZip\Unity.VisualScripting.IonicZip.dll
Symbol file LoadedFromMemory doesn't match image C:\Users\ferra\Master local\PA\GlasCoSS\Library\PackageCache\com.unity.visualscripting@1.8.0\Editor\VisualScripting.Core\Dependencies\YamlDotNet\Unity.VisualScripting.YamlDotNet.dll
Native extension for WindowsStandalone target not found
Native extension for Android target not found
Refreshing native plugins compatible for Editor in 3.06 ms, found 9 plugins.
Preloading 0 native plugins for Editor in 0.00 ms.
Mono: successfully reloaded assembly
- Completed reload, in  5.258 seconds
Domain Reload Profiling:
	ReloadAssembly (5260ms)
		BeginReloadAssembly (504ms)
			ExecutionOrderSort (0ms)
			DisableScriptedObjects (22ms)
			BackupInstance (0ms)
			ReleaseScriptingObjects (0ms)
			CreateAndSetChildDomain (213ms)
		EndReloadAssembly (4403ms)
			LoadAssemblies (272ms)
			RebuildTransferFunctionScriptingTraits (0ms)
			SetupTypeCache (924ms)
			ReleaseScriptCaches (4ms)
			RebuildScriptCaches (141ms)
			SetupLoadedEditorAssemblies (2813ms)
				LogAssemblyErrors (0ms)
				InitializePlatformSupportModulesInManaged (47ms)
				SetLoadedEditorAssemblies (1ms)
				RefreshPlugins (3ms)
				BeforeProcessingInitializeOnLoad (480ms)
				ProcessInitializeOnLoadAttributes (1993ms)
				ProcessInitializeOnLoadMethodAttributes (221ms)
				AfterProcessingInitializeOnLoad (67ms)
				EditorAssembliesLoaded (1ms)
			ExecutionOrderSort2 (0ms)
			AwakeInstancesAfterBackupRestoration (46ms)
Platform modules already initialized, skipping
Refreshing native plugins compatible for Editor in 15.47 ms, found 9 plugins.
Preloading 0 native plugins for Editor in 0.00 ms.
Unloading 5605 Unused Serialized files (Serialized files now loaded: 0)
Unloading 50 unused Assets / (0.6 MB). Loaded Objects now: 6224.
Memory consumption went from 242.5 MB to 241.9 MB.
Total: 30.555900 ms (FindLiveObjects: 2.534000 ms CreateObjectMapping: 1.283500 ms MarkObjects: 21.555000 ms  DeleteObjects: 5.178000 ms)

AssetImportParameters requested are different than current active one (requested -> active):
  custom:video-decoder-ogg-theora: a1e56fd34408186e4bbccfd4996cb3dc -> 
  custom:container-muxer-webm: aa71ff27fc2769a1b78a27578f13a17b -> 
  custom:container-demuxer-webm: 4f35f7cbe854078d1ac9338744f61a02 -> 
  custom:video-encoder-webm-vp8: eb34c28f22e8b96e1ab97ce403110664 -> 
  custom:audio-encoder-webm-vorbis: bf7c407c2cedff20999df2af8eb42d56 -> 
  custom:framework-win-MediaFoundation: 216162199b28c13a410421893ffa2e32 -> 
  custom:container-demuxer-ogg: 62fdf1f143b41e24485cea50d1cbac27 -> 
  custom:video-decoder-webm-vp8: 9c59270c3fd7afecdb556c50c9e8de78 -> 
  custom:audio-decoder-ogg-vorbis: bf7c407c2cedff20999df2af8eb42d56 -> 
========================================================================
Received Prepare
Registering precompiled user dll's ...
Registered in 0.042196 seconds.
Begin MonoManager ReloadAssembly
Symbol file LoadedFromMemory doesn't match image C:\Users\ferra\Master local\PA\GlasCoSS\Library\PackageCache\com.unity.visualscripting@1.8.0\Editor\VisualScripting.Core\Dependencies\DotNetZip\Unity.VisualScripting.IonicZip.dll
Symbol file LoadedFromMemory doesn't match image C:\Users\ferra\Master local\PA\GlasCoSS\Library\PackageCache\com.unity.visualscripting@1.8.0\Editor\VisualScripting.Core\Dependencies\YamlDotNet\Unity.VisualScripting.YamlDotNet.dll
Native extension for WindowsStandalone target not found
Native extension for Android target not found
Refreshing native plugins compatible for Editor in 1.79 ms, found 9 plugins.
Preloading 0 native plugins for Editor in 0.00 ms.
Mono: successfully reloaded assembly
- Completed reload, in  5.455 seconds
Domain Reload Profiling:
	ReloadAssembly (5457ms)
		BeginReloadAssembly (364ms)
			ExecutionOrderSort (0ms)
			DisableScriptedObjects (17ms)
			BackupInstance (0ms)
			ReleaseScriptingObjects (0ms)
			CreateAndSetChildDomain (93ms)
		EndReloadAssembly (4743ms)
			LoadAssemblies (278ms)
			RebuildTransferFunctionScriptingTraits (0ms)
			SetupTypeCache (1451ms)
			ReleaseScriptCaches (5ms)
			RebuildScriptCaches (189ms)
			SetupLoadedEditorAssemblies (2381ms)
				LogAssemblyErrors (0ms)
				InitializePlatformSupportModulesInManaged (77ms)
				SetLoadedEditorAssemblies (1ms)
				RefreshPlugins (2ms)
				BeforeProcessingInitializeOnLoad (280ms)
				ProcessInitializeOnLoadAttributes (1658ms)
				ProcessInitializeOnLoadMethodAttributes (303ms)
				AfterProcessingInitializeOnLoad (59ms)
				EditorAssembliesLoaded (1ms)
			ExecutionOrderSort2 (0ms)
			AwakeInstancesAfterBackupRestoration (51ms)
Platform modules already initialized, skipping
Refreshing native plugins compatible for Editor in 13.31 ms, found 9 plugins.
Preloading 0 native plugins for Editor in 0.00 ms.
Unloading 5605 Unused Serialized files (Serialized files now loaded: 0)
Unloading 49 unused Assets / (0.6 MB). Loaded Objects now: 6229.
Memory consumption went from 242.5 MB to 241.9 MB.
Total: 8.252200 ms (FindLiveObjects: 1.004300 ms CreateObjectMapping: 0.910800 ms MarkObjects: 6.165300 ms  DeleteObjects: 0.170100 ms)

AssetImportParameters requested are different than current active one (requested -> active):
  custom:video-decoder-ogg-theora: a1e56fd34408186e4bbccfd4996cb3dc -> 
  custom:container-muxer-webm: aa71ff27fc2769a1b78a27578f13a17b -> 
  custom:container-demuxer-webm: 4f35f7cbe854078d1ac9338744f61a02 -> 
  custom:video-encoder-webm-vp8: eb34c28f22e8b96e1ab97ce403110664 -> 
  custom:audio-encoder-webm-vorbis: bf7c407c2cedff20999df2af8eb42d56 -> 
  custom:framework-win-MediaFoundation: 216162199b28c13a410421893ffa2e32 -> 
  custom:container-demuxer-ogg: 62fdf1f143b41e24485cea50d1cbac27 -> 
  custom:video-decoder-webm-vp8: 9c59270c3fd7afecdb556c50c9e8de78 -> 
  custom:audio-decoder-ogg-vorbis: bf7c407c2cedff20999df2af8eb42d56 -> 
========================================================================
Received Prepare
Registering precompiled user dll's ...
Registered in 0.022399 seconds.
Begin MonoManager ReloadAssembly
Symbol file LoadedFromMemory doesn't match image C:\Users\ferra\Master local\PA\GlasCoSS\Library\PackageCache\com.unity.visualscripting@1.8.0\Editor\VisualScripting.Core\Dependencies\DotNetZip\Unity.VisualScripting.IonicZip.dll
Symbol file LoadedFromMemory doesn't match image C:\Users\ferra\Master local\PA\GlasCoSS\Library\PackageCache\com.unity.visualscripting@1.8.0\Editor\VisualScripting.Core\Dependencies\YamlDotNet\Unity.VisualScripting.YamlDotNet.dll
Native extension for WindowsStandalone target not found
Native extension for Android target not found
Refreshing native plugins compatible for Editor in 4.21 ms, found 9 plugins.
Preloading 0 native plugins for Editor in 0.00 ms.
Mono: successfully reloaded assembly
- Completed reload, in  5.562 seconds
Domain Reload Profiling:
	ReloadAssembly (5564ms)
		BeginReloadAssembly (376ms)
			ExecutionOrderSort (0ms)
			DisableScriptedObjects (10ms)
			BackupInstance (0ms)
			ReleaseScriptingObjects (0ms)
			CreateAndSetChildDomain (134ms)
		EndReloadAssembly (4901ms)
			LoadAssemblies (305ms)
			RebuildTransferFunctionScriptingTraits (0ms)
			SetupTypeCache (1590ms)
			ReleaseScriptCaches (7ms)
			RebuildScriptCaches (217ms)
			SetupLoadedEditorAssemblies (2499ms)
				LogAssemblyErrors (0ms)
				InitializePlatformSupportModulesInManaged (46ms)
				SetLoadedEditorAssemblies (2ms)
				RefreshPlugins (5ms)
				BeforeProcessingInitializeOnLoad (301ms)
				ProcessInitializeOnLoadAttributes (1745ms)
				ProcessInitializeOnLoadMethodAttributes (354ms)
				AfterProcessingInitializeOnLoad (45ms)
				EditorAssembliesLoaded (1ms)
			ExecutionOrderSort2 (0ms)
			AwakeInstancesAfterBackupRestoration (39ms)
Platform modules already initialized, skipping
Refreshing native plugins compatible for Editor in 18.43 ms, found 9 plugins.
Preloading 0 native plugins for Editor in 0.00 ms.
Unloading 5606 Unused Serialized files (Serialized files now loaded: 0)
Unloading 49 unused Assets / (0.6 MB). Loaded Objects now: 6234.
Memory consumption went from 242.6 MB to 242.0 MB.
Total: 12.044000 ms (FindLiveObjects: 1.067700 ms CreateObjectMapping: 1.039600 ms MarkObjects: 9.561400 ms  DeleteObjects: 0.372100 ms)

AssetImportParameters requested are different than current active one (requested -> active):
  custom:video-decoder-ogg-theora: a1e56fd34408186e4bbccfd4996cb3dc -> 
  custom:container-muxer-webm: aa71ff27fc2769a1b78a27578f13a17b -> 
  custom:container-demuxer-webm: 4f35f7cbe854078d1ac9338744f61a02 -> 
  custom:video-encoder-webm-vp8: eb34c28f22e8b96e1ab97ce403110664 -> 
  custom:audio-encoder-webm-vorbis: bf7c407c2cedff20999df2af8eb42d56 -> 
  custom:framework-win-MediaFoundation: 216162199b28c13a410421893ffa2e32 -> 
  custom:container-demuxer-ogg: 62fdf1f143b41e24485cea50d1cbac27 -> 
  custom:video-decoder-webm-vp8: 9c59270c3fd7afecdb556c50c9e8de78 -> 
  custom:audio-decoder-ogg-vorbis: bf7c407c2cedff20999df2af8eb42d56 -> 
========================================================================
Received Prepare
Registering precompiled user dll's ...
Registered in 0.023522 seconds.
Begin MonoManager ReloadAssembly
Symbol file LoadedFromMemory doesn't match image C:\Users\ferra\Master local\PA\GlasCoSS\Library\PackageCache\com.unity.visualscripting@1.8.0\Editor\VisualScripting.Core\Dependencies\DotNetZip\Unity.VisualScripting.IonicZip.dll
Symbol file LoadedFromMemory doesn't match image C:\Users\ferra\Master local\PA\GlasCoSS\Library\PackageCache\com.unity.visualscripting@1.8.0\Editor\VisualScripting.Core\Dependencies\YamlDotNet\Unity.VisualScripting.YamlDotNet.dll
Native extension for WindowsStandalone target not found
Native extension for Android target not found
Refreshing native plugins compatible for Editor in 2.60 ms, found 9 plugins.
Preloading 0 native plugins for Editor in 0.00 ms.
Mono: successfully reloaded assembly
- Completed reload, in  4.679 seconds
Domain Reload Profiling:
	ReloadAssembly (4681ms)
		BeginReloadAssembly (527ms)
			ExecutionOrderSort (0ms)
			DisableScriptedObjects (13ms)
			BackupInstance (0ms)
			ReleaseScriptingObjects (1ms)
			CreateAndSetChildDomain (180ms)
		EndReloadAssembly (3879ms)
			LoadAssemblies (306ms)
			RebuildTransferFunctionScriptingTraits (0ms)
			SetupTypeCache (1136ms)
			ReleaseScriptCaches (4ms)
			RebuildScriptCaches (159ms)
			SetupLoadedEditorAssemblies (2077ms)
				LogAssemblyErrors (0ms)
				InitializePlatformSupportModulesInManaged (58ms)
				SetLoadedEditorAssemblies (1ms)
				RefreshPlugins (3ms)
				BeforeProcessingInitializeOnLoad (328ms)
				ProcessInitializeOnLoadAttributes (1414ms)
				ProcessInitializeOnLoadMethodAttributes (244ms)
				AfterProcessingInitializeOnLoad (28ms)
				EditorAssembliesLoaded (1ms)
			ExecutionOrderSort2 (0ms)
			AwakeInstancesAfterBackupRestoration (30ms)
Platform modules already initialized, skipping
Refreshing native plugins compatible for Editor in 27.48 ms, found 9 plugins.
Preloading 0 native plugins for Editor in 0.00 ms.
Unloading 5606 Unused Serialized files (Serialized files now loaded: 0)
Unloading 49 unused Assets / (0.6 MB). Loaded Objects now: 6238.
Memory consumption went from 242.6 MB to 242.0 MB.
Total: 15.325000 ms (FindLiveObjects: 1.628200 ms CreateObjectMapping: 1.268300 ms MarkObjects: 12.007800 ms  DeleteObjects: 0.417000 ms)

AssetImportParameters requested are different than current active one (requested -> active):
  custom:video-decoder-ogg-theora: a1e56fd34408186e4bbccfd4996cb3dc -> 
  custom:container-muxer-webm: aa71ff27fc2769a1b78a27578f13a17b -> 
  custom:container-demuxer-webm: 4f35f7cbe854078d1ac9338744f61a02 -> 
  custom:video-encoder-webm-vp8: eb34c28f22e8b96e1ab97ce403110664 -> 
  custom:audio-encoder-webm-vorbis: bf7c407c2cedff20999df2af8eb42d56 -> 
  custom:framework-win-MediaFoundation: 216162199b28c13a410421893ffa2e32 -> 
  custom:container-demuxer-ogg: 62fdf1f143b41e24485cea50d1cbac27 -> 
  custom:video-decoder-webm-vp8: 9c59270c3fd7afecdb556c50c9e8de78 -> 
  custom:audio-decoder-ogg-vorbis: bf7c407c2cedff20999df2af8eb42d56 -> 
========================================================================
Received Import Request.
  Time since last request: 2772.858434 seconds.
  path: Assets/Scripts/JsonReader.cs
  artifactKey: Guid(cd11ed281435fb0498394ae94add1605) Importer(815301076,1909f56bfc062723c751e8b465ee728b)
Start importing Assets/Scripts/JsonReader.cs using Guid(cd11ed281435fb0498394ae94add1605) Importer(815301076,1909f56bfc062723c751e8b465ee728b)  -> (artifact id: '4ddead3f92c3dd66ba5e6b4d1bee7ede') in 0.042008 seconds 
========================================================================
Received Prepare
Registering precompiled user dll's ...
Registered in 0.021126 seconds.
Begin MonoManager ReloadAssembly
Symbol file LoadedFromMemory doesn't match image C:\Users\ferra\Master local\PA\GlasCoSS\Library\PackageCache\com.unity.visualscripting@1.8.0\Editor\VisualScripting.Core\Dependencies\DotNetZip\Unity.VisualScripting.IonicZip.dll
Symbol file LoadedFromMemory doesn't match image C:\Users\ferra\Master local\PA\GlasCoSS\Library\PackageCache\com.unity.visualscripting@1.8.0\Editor\VisualScripting.Core\Dependencies\YamlDotNet\Unity.VisualScripting.YamlDotNet.dll
Native extension for WindowsStandalone target not found
Native extension for Android target not found
Refreshing native plugins compatible for Editor in 3.89 ms, found 9 plugins.
Preloading 0 native plugins for Editor in 0.00 ms.
Mono: successfully reloaded assembly
- Completed reload, in  4.318 seconds
Domain Reload Profiling:
	ReloadAssembly (4320ms)
		BeginReloadAssembly (408ms)
			ExecutionOrderSort (0ms)
			DisableScriptedObjects (17ms)
			BackupInstance (0ms)
			ReleaseScriptingObjects (0ms)
			CreateAndSetChildDomain (107ms)
		EndReloadAssembly (3582ms)
			LoadAssemblies (287ms)
			RebuildTransferFunctionScriptingTraits (0ms)
			SetupTypeCache (1107ms)
			ReleaseScriptCaches (5ms)
			RebuildScriptCaches (152ms)
			SetupLoadedEditorAssemblies (1838ms)
				LogAssemblyErrors (0ms)
				InitializePlatformSupportModulesInManaged (54ms)
				SetLoadedEditorAssemblies (1ms)
				RefreshPlugins (4ms)
				BeforeProcessingInitializeOnLoad (257ms)
				ProcessInitializeOnLoadAttributes (1314ms)
				ProcessInitializeOnLoadMethodAttributes (183ms)
				AfterProcessingInitializeOnLoad (25ms)
				EditorAssembliesLoaded (1ms)
			ExecutionOrderSort2 (0ms)
			AwakeInstancesAfterBackupRestoration (21ms)
Platform modules already initialized, skipping
Refreshing native plugins compatible for Editor in 16.74 ms, found 9 plugins.
Preloading 0 native plugins for Editor in 0.00 ms.
Unloading 5606 Unused Serialized files (Serialized files now loaded: 0)
Unloading 49 unused Assets / (0.6 MB). Loaded Objects now: 6242.
Memory consumption went from 242.6 MB to 242.0 MB.
Total: 9.448200 ms (FindLiveObjects: 0.825300 ms CreateObjectMapping: 0.888900 ms MarkObjects: 7.388000 ms  DeleteObjects: 0.343700 ms)

AssetImportParameters requested are different than current active one (requested -> active):
  custom:video-decoder-ogg-theora: a1e56fd34408186e4bbccfd4996cb3dc -> 
  custom:container-muxer-webm: aa71ff27fc2769a1b78a27578f13a17b -> 
  custom:container-demuxer-webm: 4f35f7cbe854078d1ac9338744f61a02 -> 
  custom:video-encoder-webm-vp8: eb34c28f22e8b96e1ab97ce403110664 -> 
  custom:audio-encoder-webm-vorbis: bf7c407c2cedff20999df2af8eb42d56 -> 
  custom:framework-win-MediaFoundation: 216162199b28c13a410421893ffa2e32 -> 
  custom:container-demuxer-ogg: 62fdf1f143b41e24485cea50d1cbac27 -> 
  custom:video-decoder-webm-vp8: 9c59270c3fd7afecdb556c50c9e8de78 -> 
  custom:audio-decoder-ogg-vorbis: bf7c407c2cedff20999df2af8eb42d56 -> 
========================================================================
Received Prepare
Registering precompiled user dll's ...
Registered in 0.008463 seconds.
Begin MonoManager ReloadAssembly
Symbol file LoadedFromMemory doesn't match image C:\Users\ferra\Master local\PA\GlasCoSS\Library\PackageCache\com.unity.visualscripting@1.8.0\Editor\VisualScripting.Core\Dependencies\DotNetZip\Unity.VisualScripting.IonicZip.dll
Symbol file LoadedFromMemory doesn't match image C:\Users\ferra\Master local\PA\GlasCoSS\Library\PackageCache\com.unity.visualscripting@1.8.0\Editor\VisualScripting.Core\Dependencies\YamlDotNet\Unity.VisualScripting.YamlDotNet.dll
Native extension for WindowsStandalone target not found
Native extension for Android target not found
Refreshing native plugins compatible for Editor in 1.79 ms, found 9 plugins.
Preloading 0 native plugins for Editor in 0.00 ms.
Mono: successfully reloaded assembly
- Completed reload, in  3.183 seconds
Domain Reload Profiling:
	ReloadAssembly (3184ms)
		BeginReloadAssembly (349ms)
			ExecutionOrderSort (0ms)
			DisableScriptedObjects (7ms)
			BackupInstance (0ms)
			ReleaseScriptingObjects (0ms)
			CreateAndSetChildDomain (92ms)
		EndReloadAssembly (2569ms)
			LoadAssemblies (285ms)
			RebuildTransferFunctionScriptingTraits (0ms)
			SetupTypeCache (727ms)
			ReleaseScriptCaches (3ms)
			RebuildScriptCaches (75ms)
			SetupLoadedEditorAssemblies (1390ms)
				LogAssemblyErrors (0ms)
				InitializePlatformSupportModulesInManaged (23ms)
				SetLoadedEditorAssemblies (1ms)
				RefreshPlugins (2ms)
				BeforeProcessingInitializeOnLoad (182ms)
				ProcessInitializeOnLoadAttributes (1015ms)
				ProcessInitializeOnLoadMethodAttributes (151ms)
				AfterProcessingInitializeOnLoad (15ms)
				EditorAssembliesLoaded (0ms)
			ExecutionOrderSort2 (0ms)
			AwakeInstancesAfterBackupRestoration (16ms)
Platform modules already initialized, skipping
Refreshing native plugins compatible for Editor in 5.60 ms, found 9 plugins.
Preloading 0 native plugins for Editor in 0.00 ms.
Unloading 5606 Unused Serialized files (Serialized files now loaded: 0)
Unloading 49 unused Assets / (0.6 MB). Loaded Objects now: 6246.
Memory consumption went from 242.6 MB to 242.1 MB.
Total: 4.576400 ms (FindLiveObjects: 0.691100 ms CreateObjectMapping: 0.543200 ms MarkObjects: 3.181700 ms  DeleteObjects: 0.158900 ms)

AssetImportParameters requested are different than current active one (requested -> active):
  custom:video-decoder-ogg-theora: a1e56fd34408186e4bbccfd4996cb3dc -> 
  custom:container-muxer-webm: aa71ff27fc2769a1b78a27578f13a17b -> 
  custom:container-demuxer-webm: 4f35f7cbe854078d1ac9338744f61a02 -> 
  custom:video-encoder-webm-vp8: eb34c28f22e8b96e1ab97ce403110664 -> 
  custom:audio-encoder-webm-vorbis: bf7c407c2cedff20999df2af8eb42d56 -> 
  custom:framework-win-MediaFoundation: 216162199b28c13a410421893ffa2e32 -> 
  custom:container-demuxer-ogg: 62fdf1f143b41e24485cea50d1cbac27 -> 
  custom:video-decoder-webm-vp8: 9c59270c3fd7afecdb556c50c9e8de78 -> 
  custom:audio-decoder-ogg-vorbis: bf7c407c2cedff20999df2af8eb42d56 -> 
